[debug] [2021-04-08T08:58:13.566Z] ----------------------------------------------------------------------
[debug] [2021-04-08T08:58:13.569Z] Command:       /home/naeem/.nvm/versions/node/v12.20.1/bin/node /home/naeem/.nvm/versions/node/v12.20.1/bin/firebase serve --only functions
[debug] [2021-04-08T08:58:13.569Z] CLI Version:   9.9.0
[debug] [2021-04-08T08:58:13.569Z] Platform:      linux
[debug] [2021-04-08T08:58:13.569Z] Node Version:  v12.20.1
[debug] [2021-04-08T08:58:13.570Z] Time:          Thu Apr 08 2021 13:58:13 GMT+0500 (Pakistan Standard Time)
[debug] [2021-04-08T08:58:13.570Z] ----------------------------------------------------------------------
[debug] 
[debug] [2021-04-08T08:58:13.578Z] > command requires scopes: ["email","openid","https://www.googleapis.com/auth/cloudplatformprojects.readonly","https://www.googleapis.com/auth/firebase","https://www.googleapis.com/auth/cloud-platform"]
[debug] [2021-04-08T08:58:13.578Z] > authorizing via signed-in user (jamrocktaxi@gmail.com)
[debug] [2021-04-08T08:58:13.578Z] [iam] checking project jamrocktaxi-b40ae for permissions ["firebase.projects.get"]
[debug] [2021-04-08T08:58:13.581Z] > refreshing access token with scopes: ["email","https://www.googleapis.com/auth/cloud-platform","https://www.googleapis.com/auth/cloudplatformprojects.readonly","https://www.googleapis.com/auth/firebase","openid"]
[debug] [2021-04-08T08:58:13.581Z] >>> HTTP REQUEST POST https://www.googleapis.com/oauth2/v3/token  
 <request body omitted>
[debug] [2021-04-08T08:58:14.159Z] <<< HTTP RESPONSE 200 {"cache-control":"no-cache, no-store, max-age=0, must-revalidate","pragma":"no-cache","expires":"Mon, 01 Jan 1990 00:00:00 GMT","date":"Thu, 08 Apr 2021 08:58:14 GMT","content-type":"application/json; charset=utf-8","vary":"X-Origin, Referer, Origin,Accept-Encoding","server":"scaffolding on HTTPServer2","x-xss-protection":"0","x-frame-options":"SAMEORIGIN","x-content-type-options":"nosniff","alt-svc":"h3-29=\":443\"; ma=2592000,h3-T051=\":443\"; ma=2592000,h3-Q050=\":443\"; ma=2592000,h3-Q046=\":443\"; ma=2592000,h3-Q043=\":443\"; ma=2592000,quic=\":443\"; ma=2592000; v=\"46,43\"","accept-ranges":"none","transfer-encoding":"chunked"}
[debug] [2021-04-08T08:58:14.177Z] >>> HTTP REQUEST POST https://cloudresourcemanager.googleapis.com/v1/projects/jamrocktaxi-b40ae:testIamPermissions  
 {"permissions":["firebase.projects.get"]}
[debug] [2021-04-08T08:58:15.951Z] <<< HTTP RESPONSE 200 {"content-type":"application/json; charset=UTF-8","vary":"X-Origin, Referer, Origin,Accept-Encoding","date":"Thu, 08 Apr 2021 08:58:15 GMT","server":"ESF","cache-control":"private","x-xss-protection":"0","x-frame-options":"SAMEORIGIN","x-content-type-options":"nosniff","server-timing":"gfet4t7; dur=1151","alt-svc":"h3-29=\":443\"; ma=2592000,h3-T051=\":443\"; ma=2592000,h3-Q050=\":443\"; ma=2592000,h3-Q046=\":443\"; ma=2592000,h3-Q043=\":443\"; ma=2592000,quic=\":443\"; ma=2592000; v=\"46,43\"","accept-ranges":"none","transfer-encoding":"chunked"}
[debug] [2021-04-08T08:58:15.954Z] > refreshing access token with scopes: []
[debug] [2021-04-08T08:58:15.954Z] >>> HTTP REQUEST POST https://www.googleapis.com/oauth2/v3/token  
 <request body omitted>
[debug] [2021-04-08T08:58:16.358Z] <<< HTTP RESPONSE 200 {"pragma":"no-cache","date":"Thu, 08 Apr 2021 08:58:16 GMT","cache-control":"no-cache, no-store, max-age=0, must-revalidate","expires":"Mon, 01 Jan 1990 00:00:00 GMT","content-type":"application/json; charset=utf-8","vary":"X-Origin, Referer, Origin,Accept-Encoding","server":"scaffolding on HTTPServer2","x-xss-protection":"0","x-frame-options":"SAMEORIGIN","x-content-type-options":"nosniff","alt-svc":"h3-29=\":443\"; ma=2592000,h3-T051=\":443\"; ma=2592000,h3-Q050=\":443\"; ma=2592000,h3-Q046=\":443\"; ma=2592000,h3-Q043=\":443\"; ma=2592000,quic=\":443\"; ma=2592000; v=\"46,43\"","accept-ranges":"none","transfer-encoding":"chunked"}
[debug] [2021-04-08T08:58:16.386Z] >>> [apiv2][query] GET https://firebase.googleapis.com/v1beta1/projects/jamrocktaxi-b40ae [none]
[debug] [2021-04-08T08:58:17.287Z] <<< [apiv2][status] GET https://firebase.googleapis.com/v1beta1/projects/jamrocktaxi-b40ae 200
[debug] [2021-04-08T08:58:17.288Z] <<< [apiv2][body] GET https://firebase.googleapis.com/v1beta1/projects/jamrocktaxi-b40ae {"projectId":"jamrocktaxi-b40ae","projectNumber":"867999155301","displayName":"JamRockTaxi","name":"projects/jamrocktaxi-b40ae","resources":{"hostingSite":"jamrocktaxi-b40ae","realtimeDatabaseInstance":"jamrocktaxi-b40ae-default-rtdb","storageBucket":"jamrocktaxi-b40ae.appspot.com","locationId":"us-central"},"state":"ACTIVE"}
[info] ✔  functions: Using node@12 from host. {"metadata":{"emulator":{"name":"functions"},"message":"Using node@12 from host."}}
[debug] [2021-04-08T08:58:17.348Z] defaultcredentials: writing to file /home/naeem/.config/firebase/jamrocktaxi_gmail_com_application_default_credentials.json
[debug] [2021-04-08T08:58:17.351Z] Setting GAC to /home/naeem/.config/firebase/jamrocktaxi_gmail_com_application_default_credentials.json {"metadata":{"emulator":{"name":"functions"},"message":"Setting GAC to /home/naeem/.config/firebase/jamrocktaxi_gmail_com_application_default_credentials.json"}}
[debug] [2021-04-08T08:58:17.353Z] >>> [apiv2][query] GET https://firebase.googleapis.com/v1beta1/projects/jamrocktaxi-b40ae/adminSdkConfig [none]
[debug] [2021-04-08T08:58:17.938Z] <<< [apiv2][status] GET https://firebase.googleapis.com/v1beta1/projects/jamrocktaxi-b40ae/adminSdkConfig 200
[debug] [2021-04-08T08:58:17.939Z] <<< [apiv2][body] GET https://firebase.googleapis.com/v1beta1/projects/jamrocktaxi-b40ae/adminSdkConfig {"projectId":"jamrocktaxi-b40ae","databaseURL":"https://jamrocktaxi-b40ae-default-rtdb.firebaseio.com","storageBucket":"jamrocktaxi-b40ae.appspot.com","locationId":"us-central"}
[info] i  functions: Watching "/home/naeem/Documents/jamrocktaxi/functions" for Cloud Functions... {"metadata":{"emulator":{"name":"functions"},"message":"Watching \"/home/naeem/Documents/jamrocktaxi/functions\" for Cloud Functions..."}}
[debug] [2021-04-08T08:58:18.038Z] [worker-pool] addWorker(~diagnostic~) {"metadata":{"emulator":{"name":"functions"},"message":"[worker-pool] addWorker(~diagnostic~)"}}
[debug] [2021-04-08T08:58:18.039Z] [worker-pool] Adding worker with key ~diagnostic~, total=1 {"metadata":{"emulator":{"name":"functions"},"message":"[worker-pool] Adding worker with key ~diagnostic~, total=1"}}
[debug] [2021-04-08T08:58:18.039Z] [worker-pool] submitWork(triggerId=) {"metadata":{"emulator":{"name":"functions"},"message":"[worker-pool] submitWork(triggerId=)"}}
[debug] [2021-04-08T08:58:18.040Z] [worker-~diagnostic~-d371b7e2-7736-4e3a-95b9-554d2e719ae0]: Assigning socketPath: /tmp/fire_emu_59980.sock {"metadata":{"emulator":{"name":"functions"},"message":"[worker-~diagnostic~-d371b7e2-7736-4e3a-95b9-554d2e719ae0]: Assigning socketPath: /tmp/fire_emu_59980.sock"}}
[debug] [2021-04-08T08:58:18.041Z] [worker-~diagnostic~-d371b7e2-7736-4e3a-95b9-554d2e719ae0]: BUSY {"metadata":{"emulator":{"name":"functions"},"message":"[worker-~diagnostic~-d371b7e2-7736-4e3a-95b9-554d2e719ae0]: BUSY"}}
[debug] [2021-04-08T08:58:18.218Z] [runtime-status] [59980] Functions runtime initialized. {"cwd":"/home/naeem/Documents/jamrocktaxi/functions","node_version":"12.20.1"} {"metadata":{"emulator":{"name":"functions"},"message":"[runtime-status] [59980] Functions runtime initialized. {\"cwd\":\"/home/naeem/Documents/jamrocktaxi/functions\",\"node_version\":\"12.20.1\"}"}}
[debug] [2021-04-08T08:58:18.221Z] [runtime-status] [59980] Disabled runtime features: undefined {"metadata":{"emulator":{"name":"functions"},"message":"[runtime-status] [59980] Disabled runtime features: undefined"}}
[debug] [2021-04-08T08:58:18.224Z] [runtime-status] [59980] Resolved module firebase-admin {"declared":true,"installed":true,"version":"8.13.0","resolution":"/home/naeem/Documents/jamrocktaxi/node_modules/firebase-admin/lib/index.js"} {"metadata":{"emulator":{"name":"functions"},"message":"[runtime-status] [59980] Resolved module firebase-admin {\"declared\":true,\"installed\":true,\"version\":\"8.13.0\",\"resolution\":\"/home/naeem/Documents/jamrocktaxi/node_modules/firebase-admin/lib/index.js\"}"}}
[debug] [2021-04-08T08:58:18.231Z] [runtime-status] [59980] Resolved module firebase-functions {"declared":true,"installed":true,"version":"3.11.0","resolution":"/home/naeem/Documents/jamrocktaxi/node_modules/firebase-functions/lib/index.js"} {"metadata":{"emulator":{"name":"functions"},"message":"[runtime-status] [59980] Resolved module firebase-functions {\"declared\":true,\"installed\":true,\"version\":\"3.11.0\",\"resolution\":\"/home/naeem/Documents/jamrocktaxi/node_modules/firebase-functions/lib/index.js\"}"}}
[debug] [2021-04-08T08:58:18.231Z] [runtime-status] [59980] Resolved module firebase-functions {"declared":true,"installed":true,"version":"3.11.0","resolution":"/home/naeem/Documents/jamrocktaxi/node_modules/firebase-functions/lib/index.js"} {"metadata":{"emulator":{"name":"functions"},"message":"[runtime-status] [59980] Resolved module firebase-functions {\"declared\":true,\"installed\":true,\"version\":\"3.11.0\",\"resolution\":\"/home/naeem/Documents/jamrocktaxi/node_modules/firebase-functions/lib/index.js\"}"}}
[debug] [2021-04-08T08:58:18.233Z] [runtime-status] [59980] Outgoing network have been stubbed. [{"name":"http","status":"mocked"},{"name":"http","status":"mocked"},{"name":"https","status":"mocked"},{"name":"https","status":"mocked"},{"name":"net","status":"mocked"}] {"metadata":{"emulator":{"name":"functions"},"message":"[runtime-status] [59980] Outgoing network have been stubbed. [{\"name\":\"http\",\"status\":\"mocked\"},{\"name\":\"http\",\"status\":\"mocked\"},{\"name\":\"https\",\"status\":\"mocked\"},{\"name\":\"https\",\"status\":\"mocked\"},{\"name\":\"net\",\"status\":\"mocked\"}]"}}
[debug] [2021-04-08T08:58:18.234Z] [runtime-status] [59980] Resolved module firebase-functions {"declared":true,"installed":true,"version":"3.11.0","resolution":"/home/naeem/Documents/jamrocktaxi/node_modules/firebase-functions/lib/index.js"} {"metadata":{"emulator":{"name":"functions"},"message":"[runtime-status] [59980] Resolved module firebase-functions {\"declared\":true,\"installed\":true,\"version\":\"3.11.0\",\"resolution\":\"/home/naeem/Documents/jamrocktaxi/node_modules/firebase-functions/lib/index.js\"}"}}
[debug] [2021-04-08T08:58:18.285Z] [runtime-status] [59980] Checked functions.config() {"config":{}} {"metadata":{"emulator":{"name":"functions"},"message":"[runtime-status] [59980] Checked functions.config() {\"config\":{}}"}}
[debug] [2021-04-08T08:58:18.285Z] [runtime-status] [59980] firebase-functions has been stubbed. {"functionsResolution":{"declared":true,"installed":true,"version":"3.11.0","resolution":"/home/naeem/Documents/jamrocktaxi/node_modules/firebase-functions/lib/index.js"}} {"metadata":{"emulator":{"name":"functions"},"message":"[runtime-status] [59980] firebase-functions has been stubbed. {\"functionsResolution\":{\"declared\":true,\"installed\":true,\"version\":\"3.11.0\",\"resolution\":\"/home/naeem/Documents/jamrocktaxi/node_modules/firebase-functions/lib/index.js\"}}"}}
[debug] [2021-04-08T08:58:18.286Z] [runtime-status] [59980] Resolved module firebase-functions {"declared":true,"installed":true,"version":"3.11.0","resolution":"/home/naeem/Documents/jamrocktaxi/node_modules/firebase-functions/lib/index.js"} {"metadata":{"emulator":{"name":"functions"},"message":"[runtime-status] [59980] Resolved module firebase-functions {\"declared\":true,\"installed\":true,\"version\":\"3.11.0\",\"resolution\":\"/home/naeem/Documents/jamrocktaxi/node_modules/firebase-functions/lib/index.js\"}"}}
[debug] [2021-04-08T08:58:18.288Z] [runtime-status] [59980] Resolved module firebase-admin {"declared":true,"installed":true,"version":"8.13.0","resolution":"/home/naeem/Documents/jamrocktaxi/node_modules/firebase-admin/lib/index.js"} {"metadata":{"emulator":{"name":"functions"},"message":"[runtime-status] [59980] Resolved module firebase-admin {\"declared\":true,\"installed\":true,\"version\":\"8.13.0\",\"resolution\":\"/home/naeem/Documents/jamrocktaxi/node_modules/firebase-admin/lib/index.js\"}"}}
[debug] [2021-04-08T08:58:18.288Z] [runtime-status] [59980] Resolved module firebase-functions {"declared":true,"installed":true,"version":"3.11.0","resolution":"/home/naeem/Documents/jamrocktaxi/node_modules/firebase-functions/lib/index.js"} {"metadata":{"emulator":{"name":"functions"},"message":"[runtime-status] [59980] Resolved module firebase-functions {\"declared\":true,\"installed\":true,\"version\":\"3.11.0\",\"resolution\":\"/home/naeem/Documents/jamrocktaxi/node_modules/firebase-functions/lib/index.js\"}"}}
[debug] [2021-04-08T08:58:18.288Z] [runtime-status] [59980] firebase-admin has been stubbed. {"adminResolution":{"declared":true,"installed":true,"version":"8.13.0","resolution":"/home/naeem/Documents/jamrocktaxi/node_modules/firebase-admin/lib/index.js"}} {"metadata":{"emulator":{"name":"functions"},"message":"[runtime-status] [59980] firebase-admin has been stubbed. {\"adminResolution\":{\"declared\":true,\"installed\":true,\"version\":\"8.13.0\",\"resolution\":\"/home/naeem/Documents/jamrocktaxi/node_modules/firebase-admin/lib/index.js\"}}"}}
[debug] [2021-04-08T08:58:18.298Z] [runtime-status] [59980] initializeApp(DEFAULT) {"storageBucket":"jamrocktaxi-b40ae.appspot.com","databaseURL":"https://jamrocktaxi-b40ae-default-rtdb.firebaseio.com","projectId":"jamrocktaxi-b40ae"} {"metadata":{"emulator":{"name":"functions"},"message":"[runtime-status] [59980] initializeApp(DEFAULT) {\"storageBucket\":\"jamrocktaxi-b40ae.appspot.com\",\"databaseURL\":\"https://jamrocktaxi-b40ae-default-rtdb.firebaseio.com\",\"projectId\":\"jamrocktaxi-b40ae\"}"}}
[info] ✔  functions[stripe-link]: http function initialized (http://localhost:5000/jamrocktaxi-b40ae/us-central1/stripe-link). {"metadata":{"emulator":{"name":"functions"},"message":"\u001b[1mhttp\u001b[22m function initialized (http://localhost:5000/jamrocktaxi-b40ae/us-central1/stripe-link)."}}
[info] ✔  functions[stripe-process]: http function initialized (http://localhost:5000/jamrocktaxi-b40ae/us-central1/stripe-process). {"metadata":{"emulator":{"name":"functions"},"message":"\u001b[1mhttp\u001b[22m function initialized (http://localhost:5000/jamrocktaxi-b40ae/us-central1/stripe-process)."}}
[info] ✔  functions[get_providers]: http function initialized (http://localhost:5000/jamrocktaxi-b40ae/us-central1/get_providers). {"metadata":{"emulator":{"name":"functions"},"message":"\u001b[1mhttp\u001b[22m function initialized (http://localhost:5000/jamrocktaxi-b40ae/us-central1/get_providers)."}}
[info] ✔  functions[setup]: http function initialized (http://localhost:5000/jamrocktaxi-b40ae/us-central1/setup). {"metadata":{"emulator":{"name":"functions"},"message":"\u001b[1mhttp\u001b[22m function initialized (http://localhost:5000/jamrocktaxi-b40ae/us-central1/setup)."}}
[info] ✔  functions[success]: http function initialized (http://localhost:5000/jamrocktaxi-b40ae/us-central1/success). {"metadata":{"emulator":{"name":"functions"},"message":"\u001b[1mhttp\u001b[22m function initialized (http://localhost:5000/jamrocktaxi-b40ae/us-central1/success)."}}
[info] ✔  functions[cancel]: http function initialized (http://localhost:5000/jamrocktaxi-b40ae/us-central1/cancel). {"metadata":{"emulator":{"name":"functions"},"message":"\u001b[1mhttp\u001b[22m function initialized (http://localhost:5000/jamrocktaxi-b40ae/us-central1/cancel)."}}
[info] i  functions[newBooking]: function ignored because the database emulator does not exist or is not running. {"metadata":{"emulator":{"name":"functions"},"message":"function ignored because the database emulator does not exist or is not running."}}
[info] i  functions[bookingScheduler]: function ignored because the pubsub emulator does not exist or is not running. {"metadata":{"emulator":{"name":"functions"},"message":"function ignored because the pubsub emulator does not exist or is not running."}}
[info] ✔  functions[send_notification]: http function initialized (http://localhost:5000/jamrocktaxi-b40ae/us-central1/send_notification). {"metadata":{"emulator":{"name":"functions"},"message":"\u001b[1mhttp\u001b[22m function initialized (http://localhost:5000/jamrocktaxi-b40ae/us-central1/send_notification)."}}
[info] i  functions[userDelete]: function ignored because the database emulator does not exist or is not running. {"metadata":{"emulator":{"name":"functions"},"message":"function ignored because the database emulator does not exist or is not running."}}
[info] i  functions[userCreate]: function ignored because the database emulator does not exist or is not running. {"metadata":{"emulator":{"name":"functions"},"message":"function ignored because the database emulator does not exist or is not running."}}
[info] ✔  functions[check_user_exists]: http function initialized (http://localhost:5000/jamrocktaxi-b40ae/us-central1/check_user_exists). {"metadata":{"emulator":{"name":"functions"},"message":"\u001b[1mhttp\u001b[22m function initialized (http://localhost:5000/jamrocktaxi-b40ae/us-central1/check_user_exists)."}}
[info] ✔  functions[validate_referrer]: http function initialized (http://localhost:5000/jamrocktaxi-b40ae/us-central1/validate_referrer). {"metadata":{"emulator":{"name":"functions"},"message":"\u001b[1mhttp\u001b[22m function initialized (http://localhost:5000/jamrocktaxi-b40ae/us-central1/validate_referrer)."}}
[info] ✔  functions[user_signup]: http function initialized (http://localhost:5000/jamrocktaxi-b40ae/us-central1/user_signup). {"metadata":{"emulator":{"name":"functions"},"message":"\u001b[1mhttp\u001b[22m function initialized (http://localhost:5000/jamrocktaxi-b40ae/us-central1/user_signup)."}}
[info] ✔  functions[oncheckout]: http function initialized (http://localhost:5000/jamrocktaxi-b40ae/us-central1/oncheckout). {"metadata":{"emulator":{"name":"functions"},"message":"\u001b[1mhttp\u001b[22m function initialized (http://localhost:5000/jamrocktaxi-b40ae/us-central1/oncheckout)."}}
[debug] [2021-04-08T08:58:18.506Z] [worker-~diagnostic~-d371b7e2-7736-4e3a-95b9-554d2e719ae0]: IDLE {"metadata":{"emulator":{"name":"functions"},"message":"[worker-~diagnostic~-d371b7e2-7736-4e3a-95b9-554d2e719ae0]: IDLE"}}
[debug] [2021-04-08T08:58:24.226Z] [work-queue] {"queueLength":1,"workRunningCount":0}
[debug] [2021-04-08T08:58:24.226Z] [work-queue] {"queueLength":0,"workRunningCount":1}
[debug] [2021-04-08T08:58:24.227Z] Accepted request POST /jamrocktaxi-b40ae/us-central1/oncheckout/sendEmail --> oncheckout
[debug] [2021-04-08T08:58:24.238Z] [worker-pool] addWorker(oncheckout) {"metadata":{"emulator":{"name":"functions"},"message":"[worker-pool] addWorker(oncheckout)"}}
[debug] [2021-04-08T08:58:24.239Z] [worker-pool] Adding worker with key oncheckout, total=1 {"metadata":{"emulator":{"name":"functions"},"message":"[worker-pool] Adding worker with key oncheckout, total=1"}}
[debug] [2021-04-08T08:58:24.239Z] [worker-pool] submitWork(triggerId=oncheckout) {"metadata":{"emulator":{"name":"functions"},"message":"[worker-pool] submitWork(triggerId=oncheckout)"}}
[debug] [2021-04-08T08:58:24.239Z] [worker-oncheckout-d35c06e0-43cf-4a9f-afd7-5cbf768f0b09]: Assigning socketPath: /tmp/fire_emu_59993.sock {"metadata":{"emulator":{"name":"functions"},"message":"[worker-oncheckout-d35c06e0-43cf-4a9f-afd7-5cbf768f0b09]: Assigning socketPath: /tmp/fire_emu_59993.sock"}}
[debug] [2021-04-08T08:58:24.239Z] [worker-oncheckout-d35c06e0-43cf-4a9f-afd7-5cbf768f0b09]: BUSY {"metadata":{"emulator":{"name":"functions"},"message":"[worker-oncheckout-d35c06e0-43cf-4a9f-afd7-5cbf768f0b09]: BUSY"}}
[debug] [2021-04-08T08:58:24.429Z] [runtime-status] [59993] Functions runtime initialized. {"cwd":"/home/naeem/Documents/jamrocktaxi/functions","node_version":"12.20.1"} {"metadata":{"emulator":{"name":"functions"},"function":{"name":"oncheckout"},"message":"[runtime-status] [59993] Functions runtime initialized. {\"cwd\":\"/home/naeem/Documents/jamrocktaxi/functions\",\"node_version\":\"12.20.1\"}"}}
[debug] [2021-04-08T08:58:24.431Z] [runtime-status] [59993] Disabled runtime features: undefined {"metadata":{"emulator":{"name":"functions"},"function":{"name":"oncheckout"},"message":"[runtime-status] [59993] Disabled runtime features: undefined"}}
[debug] [2021-04-08T08:58:24.435Z] [runtime-status] [59993] Resolved module firebase-admin {"declared":true,"installed":true,"version":"8.13.0","resolution":"/home/naeem/Documents/jamrocktaxi/node_modules/firebase-admin/lib/index.js"} {"metadata":{"emulator":{"name":"functions"},"function":{"name":"oncheckout"},"message":"[runtime-status] [59993] Resolved module firebase-admin {\"declared\":true,\"installed\":true,\"version\":\"8.13.0\",\"resolution\":\"/home/naeem/Documents/jamrocktaxi/node_modules/firebase-admin/lib/index.js\"}"}}
[debug] [2021-04-08T08:58:24.439Z] [runtime-status] [59993] Resolved module firebase-functions {"declared":true,"installed":true,"version":"3.11.0","resolution":"/home/naeem/Documents/jamrocktaxi/node_modules/firebase-functions/lib/index.js"} {"metadata":{"emulator":{"name":"functions"},"function":{"name":"oncheckout"},"message":"[runtime-status] [59993] Resolved module firebase-functions {\"declared\":true,\"installed\":true,\"version\":\"3.11.0\",\"resolution\":\"/home/naeem/Documents/jamrocktaxi/node_modules/firebase-functions/lib/index.js\"}"}}
[debug] [2021-04-08T08:58:24.439Z] [runtime-status] [59993] Resolved module firebase-functions {"declared":true,"installed":true,"version":"3.11.0","resolution":"/home/naeem/Documents/jamrocktaxi/node_modules/firebase-functions/lib/index.js"} {"metadata":{"emulator":{"name":"functions"},"function":{"name":"oncheckout"},"message":"[runtime-status] [59993] Resolved module firebase-functions {\"declared\":true,\"installed\":true,\"version\":\"3.11.0\",\"resolution\":\"/home/naeem/Documents/jamrocktaxi/node_modules/firebase-functions/lib/index.js\"}"}}
[debug] [2021-04-08T08:58:24.441Z] [runtime-status] [59993] Outgoing network have been stubbed. [{"name":"http","status":"mocked"},{"name":"http","status":"mocked"},{"name":"https","status":"mocked"},{"name":"https","status":"mocked"},{"name":"net","status":"mocked"}] {"metadata":{"emulator":{"name":"functions"},"function":{"name":"oncheckout"},"message":"[runtime-status] [59993] Outgoing network have been stubbed. [{\"name\":\"http\",\"status\":\"mocked\"},{\"name\":\"http\",\"status\":\"mocked\"},{\"name\":\"https\",\"status\":\"mocked\"},{\"name\":\"https\",\"status\":\"mocked\"},{\"name\":\"net\",\"status\":\"mocked\"}]"}}
[debug] [2021-04-08T08:58:24.442Z] [runtime-status] [59993] Resolved module firebase-functions {"declared":true,"installed":true,"version":"3.11.0","resolution":"/home/naeem/Documents/jamrocktaxi/node_modules/firebase-functions/lib/index.js"} {"metadata":{"emulator":{"name":"functions"},"function":{"name":"oncheckout"},"message":"[runtime-status] [59993] Resolved module firebase-functions {\"declared\":true,\"installed\":true,\"version\":\"3.11.0\",\"resolution\":\"/home/naeem/Documents/jamrocktaxi/node_modules/firebase-functions/lib/index.js\"}"}}
[debug] [2021-04-08T08:58:24.480Z] [runtime-status] [59993] Checked functions.config() {"config":{}} {"metadata":{"emulator":{"name":"functions"},"function":{"name":"oncheckout"},"message":"[runtime-status] [59993] Checked functions.config() {\"config\":{}}"}}
[debug] [2021-04-08T08:58:24.480Z] [runtime-status] [59993] firebase-functions has been stubbed. {"functionsResolution":{"declared":true,"installed":true,"version":"3.11.0","resolution":"/home/naeem/Documents/jamrocktaxi/node_modules/firebase-functions/lib/index.js"}} {"metadata":{"emulator":{"name":"functions"},"function":{"name":"oncheckout"},"message":"[runtime-status] [59993] firebase-functions has been stubbed. {\"functionsResolution\":{\"declared\":true,\"installed\":true,\"version\":\"3.11.0\",\"resolution\":\"/home/naeem/Documents/jamrocktaxi/node_modules/firebase-functions/lib/index.js\"}}"}}
[debug] [2021-04-08T08:58:24.482Z] [runtime-status] [59993] Resolved module firebase-functions {"declared":true,"installed":true,"version":"3.11.0","resolution":"/home/naeem/Documents/jamrocktaxi/node_modules/firebase-functions/lib/index.js"} {"metadata":{"emulator":{"name":"functions"},"function":{"name":"oncheckout"},"message":"[runtime-status] [59993] Resolved module firebase-functions {\"declared\":true,\"installed\":true,\"version\":\"3.11.0\",\"resolution\":\"/home/naeem/Documents/jamrocktaxi/node_modules/firebase-functions/lib/index.js\"}"}}
[debug] [2021-04-08T08:58:24.483Z] [runtime-status] [59993] Resolved module firebase-admin {"declared":true,"installed":true,"version":"8.13.0","resolution":"/home/naeem/Documents/jamrocktaxi/node_modules/firebase-admin/lib/index.js"} {"metadata":{"emulator":{"name":"functions"},"function":{"name":"oncheckout"},"message":"[runtime-status] [59993] Resolved module firebase-admin {\"declared\":true,\"installed\":true,\"version\":\"8.13.0\",\"resolution\":\"/home/naeem/Documents/jamrocktaxi/node_modules/firebase-admin/lib/index.js\"}"}}
[debug] [2021-04-08T08:58:24.483Z] [runtime-status] [59993] Resolved module firebase-functions {"declared":true,"installed":true,"version":"3.11.0","resolution":"/home/naeem/Documents/jamrocktaxi/node_modules/firebase-functions/lib/index.js"} {"metadata":{"emulator":{"name":"functions"},"function":{"name":"oncheckout"},"message":"[runtime-status] [59993] Resolved module firebase-functions {\"declared\":true,\"installed\":true,\"version\":\"3.11.0\",\"resolution\":\"/home/naeem/Documents/jamrocktaxi/node_modules/firebase-functions/lib/index.js\"}"}}
[debug] [2021-04-08T08:58:24.483Z] [runtime-status] [59993] firebase-admin has been stubbed. {"adminResolution":{"declared":true,"installed":true,"version":"8.13.0","resolution":"/home/naeem/Documents/jamrocktaxi/node_modules/firebase-admin/lib/index.js"}} {"metadata":{"emulator":{"name":"functions"},"function":{"name":"oncheckout"},"message":"[runtime-status] [59993] firebase-admin has been stubbed. {\"adminResolution\":{\"declared\":true,\"installed\":true,\"version\":\"8.13.0\",\"resolution\":\"/home/naeem/Documents/jamrocktaxi/node_modules/firebase-admin/lib/index.js\"}}"}}
[debug] [2021-04-08T08:58:24.490Z] [runtime-status] [59993] initializeApp(DEFAULT) {"storageBucket":"jamrocktaxi-b40ae.appspot.com","databaseURL":"https://jamrocktaxi-b40ae-default-rtdb.firebaseio.com","projectId":"jamrocktaxi-b40ae"} {"metadata":{"emulator":{"name":"functions"},"function":{"name":"oncheckout"},"message":"[runtime-status] [59993] initializeApp(DEFAULT) {\"storageBucket\":\"jamrocktaxi-b40ae.appspot.com\",\"databaseURL\":\"https://jamrocktaxi-b40ae-default-rtdb.firebaseio.com\",\"projectId\":\"jamrocktaxi-b40ae\"}"}}
[debug] [2021-04-08T08:58:24.640Z] [runtime-status] [59993] Trigger "oncheckout" has been found, beginning invocation! {"metadata":{"emulator":{"name":"functions"},"function":{"name":"oncheckout"},"message":"[runtime-status] [59993] Trigger \"oncheckout\" has been found, beginning invocation!"}}
[info] i  functions: Beginning execution of "oncheckout" {"metadata":{"emulator":{"name":"functions"},"function":{"name":"oncheckout"},"message":"Beginning execution of \"oncheckout\""}}
[debug] [2021-04-08T08:58:24.641Z] [runtime-status] [59993] triggerDefinition {"httpsTrigger":{},"name":"oncheckout","entryPoint":"oncheckout"} {"metadata":{"emulator":{"name":"functions"},"function":{"name":"oncheckout"},"message":"[runtime-status] [59993] triggerDefinition {\"httpsTrigger\":{},\"name\":\"oncheckout\",\"entryPoint\":\"oncheckout\"}"}}
[debug] [2021-04-08T08:58:24.642Z] [runtime-status] [59993] Running oncheckout in mode HTTPS {"metadata":{"emulator":{"name":"functions"},"function":{"name":"oncheckout"},"message":"[runtime-status] [59993] Running oncheckout in mode HTTPS"}}
[debug] [2021-04-08T08:58:24.645Z] [runtime-status] [59993] Attempting to listen to socketPath: /tmp/fire_emu_59993.sock {"metadata":{"emulator":{"name":"functions"},"function":{"name":"oncheckout"},"message":"[runtime-status] [59993] Attempting to listen to socketPath: /tmp/fire_emu_59993.sock"}}
[debug] [2021-04-08T08:58:24.650Z] [functions] Runtime ready! Sending request! {"metadata":{"emulator":{"name":"functions"},"message":"[functions] Runtime ready! Sending request!"}}
[debug] [2021-04-08T08:58:24.651Z] [functions] Got req.url=/jamrocktaxi-b40ae/us-central1/oncheckout/sendEmail, mapping to path=/sendEmail {"metadata":{"emulator":{"name":"functions"},"message":"[functions] Got req.url=/jamrocktaxi-b40ae/us-central1/oncheckout/sendEmail, mapping to path=/sendEmail"}}
[debug] [2021-04-08T08:58:24.694Z] [runtime-status] [59993] Ephemeral server handling POST request {"metadata":{"emulator":{"name":"functions"},"function":{"name":"oncheckout"},"message":"[runtime-status] [59993] Ephemeral server handling POST request"}}
[debug] [2021-04-08T08:58:24.710Z] [runtime-status] [59993] Ephemeral server survived. {"metadata":{"emulator":{"name":"functions"},"function":{"name":"oncheckout"},"message":"[runtime-status] [59993] Ephemeral server survived."}}
[info] i  functions: Finished "oncheckout" in ~3s {"metadata":{"emulator":{"name":"functions"},"function":{"name":"oncheckout"},"message":"Finished \"oncheckout\" in ~3s"}}
[debug] [2021-04-08T08:58:28.140Z] [worker-oncheckout-d35c06e0-43cf-4a9f-afd7-5cbf768f0b09]: IDLE {"metadata":{"emulator":{"name":"functions"},"message":"[worker-oncheckout-d35c06e0-43cf-4a9f-afd7-5cbf768f0b09]: IDLE"}}
[debug] [2021-04-08T08:58:28.141Z] [work-queue] {"queueLength":0,"workRunningCount":0}
