[debug] [2021-03-25T22:52:26.087Z] ----------------------------------------------------------------------
[debug] [2021-03-25T22:52:26.088Z] Command:       /home/ahmadnoor/.nvm/versions/node/v12.20.0/bin/node /home/ahmadnoor/.nvm/versions/node/v12.20.0/bin/firebase deploy --only functions
[debug] [2021-03-25T22:52:26.089Z] CLI Version:   9.6.0
[debug] [2021-03-25T22:52:26.089Z] Platform:      linux
[debug] [2021-03-25T22:52:26.089Z] Node Version:  v12.20.0
[debug] [2021-03-25T22:52:26.089Z] Time:          Fri Mar 26 2021 03:52:26 GMT+0500 (Pakistan Standard Time)
[debug] [2021-03-25T22:52:26.089Z] ----------------------------------------------------------------------
[debug] [2021-03-25T22:52:26.089Z] 
[debug] [2021-03-25T22:52:26.094Z] > command requires scopes: ["email","openid","https://www.googleapis.com/auth/cloudplatformprojects.readonly","https://www.googleapis.com/auth/firebase","https://www.googleapis.com/auth/cloud-platform"]
[debug] [2021-03-25T22:52:26.094Z] > authorizing via signed-in user
[debug] [2021-03-25T22:52:26.095Z] [iam] checking project jamrocktaxi-b40ae for permissions ["cloudfunctions.functions.create","cloudfunctions.functions.delete","cloudfunctions.functions.get","cloudfunctions.functions.list","cloudfunctions.functions.update","cloudfunctions.operations.get","firebase.projects.get"]
[debug] [2021-03-25T22:52:26.096Z] >>> HTTP REQUEST POST https://cloudresourcemanager.googleapis.com/v1/projects/jamrocktaxi-b40ae:testIamPermissions  
 {"permissions":["cloudfunctions.functions.create","cloudfunctions.functions.delete","cloudfunctions.functions.get","cloudfunctions.functions.list","cloudfunctions.functions.update","cloudfunctions.operations.get","firebase.projects.get"]}
[debug] [2021-03-25T22:52:27.564Z] <<< HTTP RESPONSE 200 {"content-type":"application/json; charset=UTF-8","vary":"X-Origin, Referer, Origin,Accept-Encoding","date":"Thu, 25 Mar 2021 22:52:27 GMT","server":"ESF","cache-control":"private","x-xss-protection":"0","x-frame-options":"SAMEORIGIN","x-content-type-options":"nosniff","server-timing":"gfet4t7; dur=1189","alt-svc":"h3-29=\":443\"; ma=2592000,h3-T051=\":443\"; ma=2592000,h3-Q050=\":443\"; ma=2592000,h3-Q046=\":443\"; ma=2592000,h3-Q043=\":443\"; ma=2592000,quic=\":443\"; ma=2592000; v=\"46,43\"","accept-ranges":"none","transfer-encoding":"chunked"}
[debug] [2021-03-25T22:52:27.570Z] >>> HTTP REQUEST POST https://iam.googleapis.com/v1/projects/jamrocktaxi-b40ae/serviceAccounts/jamrocktaxi-b40ae@appspot.gserviceaccount.com:testIamPermissions  
 {"permissions":["iam.serviceAccounts.actAs"]}
[debug] [2021-03-25T22:52:29.142Z] <<< HTTP RESPONSE 200 {"content-type":"application/json; charset=UTF-8","vary":"X-Origin, Referer, Origin,Accept-Encoding","date":"Thu, 25 Mar 2021 22:52:29 GMT","server":"ESF","cache-control":"private","x-xss-protection":"0","x-frame-options":"SAMEORIGIN","x-content-type-options":"nosniff","alt-svc":"h3-29=\":443\"; ma=2592000,h3-T051=\":443\"; ma=2592000,h3-Q050=\":443\"; ma=2592000,h3-Q046=\":443\"; ma=2592000,h3-Q043=\":443\"; ma=2592000,quic=\":443\"; ma=2592000; v=\"46,43\"","accept-ranges":"none","transfer-encoding":"chunked"}
[info] 
[info] === Deploying to 'jamrocktaxi-b40ae'...
[info] 
[info] i  deploying functions 
[info] Running command: npm --prefix "$RESOURCE_DIR" run lint
[info] ✔  functions: Finished running predeploy script. 
[info] i  functions: ensuring required API cloudfunctions.googleapis.com is enabled... 
[info] i  functions: ensuring required API cloudbuild.googleapis.com is enabled... 
[debug] [2021-03-25T22:52:32.869Z] >>> HTTP REQUEST GET https://serviceusage.googleapis.com/v1/projects/jamrocktaxi-b40ae/services/cloudfunctions.googleapis.com  
 
[debug] [2021-03-25T22:52:32.870Z] >>> HTTP REQUEST GET https://serviceusage.googleapis.com/v1/projects/jamrocktaxi-b40ae/services/runtimeconfig.googleapis.com  
 
[debug] [2021-03-25T22:52:32.870Z] >>> HTTP REQUEST GET https://serviceusage.googleapis.com/v1/projects/jamrocktaxi-b40ae/services/cloudbuild.googleapis.com  
 
[debug] [2021-03-25T22:52:34.676Z] <<< HTTP RESPONSE 200 {"content-type":"application/json; charset=UTF-8","vary":"X-Origin, Referer, Origin,Accept-Encoding","date":"Thu, 25 Mar 2021 22:52:34 GMT","server":"ESF","cache-control":"private","x-xss-protection":"0","x-frame-options":"SAMEORIGIN","x-content-type-options":"nosniff","alt-svc":"h3-29=\":443\"; ma=2592000,h3-T051=\":443\"; ma=2592000,h3-Q050=\":443\"; ma=2592000,h3-Q046=\":443\"; ma=2592000,h3-Q043=\":443\"; ma=2592000,quic=\":443\"; ma=2592000; v=\"46,43\"","accept-ranges":"none","transfer-encoding":"chunked"}
[debug] [2021-03-25T22:52:34.708Z] <<< HTTP RESPONSE 200 {"content-type":"application/json; charset=UTF-8","vary":"X-Origin, Referer, Origin,Accept-Encoding","date":"Thu, 25 Mar 2021 22:52:34 GMT","server":"ESF","cache-control":"private","x-xss-protection":"0","x-frame-options":"SAMEORIGIN","x-content-type-options":"nosniff","alt-svc":"h3-29=\":443\"; ma=2592000,h3-T051=\":443\"; ma=2592000,h3-Q050=\":443\"; ma=2592000,h3-Q046=\":443\"; ma=2592000,h3-Q043=\":443\"; ma=2592000,quic=\":443\"; ma=2592000; v=\"46,43\"","accept-ranges":"none","transfer-encoding":"chunked"}
[info] ✔  functions: required API cloudbuild.googleapis.com is enabled 
[debug] [2021-03-25T22:52:34.762Z] <<< HTTP RESPONSE 200 {"content-type":"application/json; charset=UTF-8","vary":"X-Origin, Referer, Origin,Accept-Encoding","date":"Thu, 25 Mar 2021 22:52:34 GMT","server":"ESF","cache-control":"private","x-xss-protection":"0","x-frame-options":"SAMEORIGIN","x-content-type-options":"nosniff","alt-svc":"h3-29=\":443\"; ma=2592000,h3-T051=\":443\"; ma=2592000,h3-Q050=\":443\"; ma=2592000,h3-Q046=\":443\"; ma=2592000,h3-Q043=\":443\"; ma=2592000,quic=\":443\"; ma=2592000; v=\"46,43\"","accept-ranges":"none","transfer-encoding":"chunked"}
[info] ✔  functions: required API cloudfunctions.googleapis.com is enabled 
[debug] [2021-03-25T22:52:34.763Z] >>> HTTP REQUEST GET https://firebase.googleapis.com/v1beta1/projects/jamrocktaxi-b40ae/adminSdkConfig  
 
[debug] [2021-03-25T22:52:35.370Z] <<< HTTP RESPONSE 200 {"content-type":"application/json; charset=UTF-8","vary":"X-Origin, Referer, Origin,Accept-Encoding","date":"Thu, 25 Mar 2021 22:52:35 GMT","server":"ESF","cache-control":"private","x-xss-protection":"0","x-frame-options":"SAMEORIGIN","x-content-type-options":"nosniff","alt-svc":"h3-29=\":443\"; ma=2592000,h3-T051=\":443\"; ma=2592000,h3-Q050=\":443\"; ma=2592000,h3-Q046=\":443\"; ma=2592000,h3-Q043=\":443\"; ma=2592000,quic=\":443\"; ma=2592000; v=\"46,43\"","accept-ranges":"none","transfer-encoding":"chunked"}
[info] i  functions: preparing functions directory for uploading... 
[debug] [2021-03-25T22:52:35.373Z] >>> HTTP REQUEST GET https://runtimeconfig.googleapis.com/v1beta1/projects/jamrocktaxi-b40ae/configs  
 
[debug] [2021-03-25T22:52:36.071Z] <<< HTTP RESPONSE 200 {"content-type":"application/json; charset=UTF-8","vary":"X-Origin, Referer, Origin,Accept-Encoding","date":"Thu, 25 Mar 2021 22:52:35 GMT","server":"ESF","cache-control":"private","x-xss-protection":"0","x-frame-options":"SAMEORIGIN","x-content-type-options":"nosniff","alt-svc":"h3-29=\":443\"; ma=2592000,h3-T051=\":443\"; ma=2592000,h3-Q050=\":443\"; ma=2592000,h3-Q046=\":443\"; ma=2592000,h3-Q043=\":443\"; ma=2592000,quic=\":443\"; ma=2592000; v=\"46,43\"","accept-ranges":"none","transfer-encoding":"chunked"}
[info] i  functions: packaged functions (66.17 KB) for uploading 
[info] i  scheduler: ensuring required API cloudscheduler.googleapis.com is enabled... 
[info] i  pubsub: ensuring required API pubsub.googleapis.com is enabled... 
[debug] [2021-03-25T22:52:36.336Z] >>> HTTP REQUEST GET https://serviceusage.googleapis.com/v1/projects/jamrocktaxi-b40ae/services/cloudscheduler.googleapis.com  
 
[debug] [2021-03-25T22:52:36.337Z] >>> HTTP REQUEST GET https://serviceusage.googleapis.com/v1/projects/jamrocktaxi-b40ae/services/pubsub.googleapis.com  
 
[debug] [2021-03-25T22:52:37.975Z] <<< HTTP RESPONSE 200 {"content-type":"application/json; charset=UTF-8","vary":"X-Origin, Referer, Origin,Accept-Encoding","date":"Thu, 25 Mar 2021 22:52:37 GMT","server":"ESF","cache-control":"private","x-xss-protection":"0","x-frame-options":"SAMEORIGIN","x-content-type-options":"nosniff","alt-svc":"h3-29=\":443\"; ma=2592000,h3-T051=\":443\"; ma=2592000,h3-Q050=\":443\"; ma=2592000,h3-Q046=\":443\"; ma=2592000,h3-Q043=\":443\"; ma=2592000,quic=\":443\"; ma=2592000; v=\"46,43\"","accept-ranges":"none","transfer-encoding":"chunked"}
[info] ✔  scheduler: required API cloudscheduler.googleapis.com is enabled 
[debug] [2021-03-25T22:52:38.030Z] <<< HTTP RESPONSE 200 {"content-type":"application/json; charset=UTF-8","vary":"X-Origin, Referer, Origin,Accept-Encoding","date":"Thu, 25 Mar 2021 22:52:37 GMT","server":"ESF","cache-control":"private","x-xss-protection":"0","x-frame-options":"SAMEORIGIN","x-content-type-options":"nosniff","alt-svc":"h3-29=\":443\"; ma=2592000,h3-T051=\":443\"; ma=2592000,h3-Q050=\":443\"; ma=2592000,h3-Q046=\":443\"; ma=2592000,h3-Q043=\":443\"; ma=2592000,quic=\":443\"; ma=2592000; v=\"46,43\"","accept-ranges":"none","transfer-encoding":"chunked"}
[info] ✔  pubsub: required API pubsub.googleapis.com is enabled 
[debug] [2021-03-25T22:52:38.037Z] > [functions] package.json contents: {
  "name": "functions",
  "version": "2.5.0",
  "description": "Cloud Functions for Firebase",
  "scripts": {
    "lint": "eslint .",
    "serve": "firebase serve --only functions",
    "shell": "firebase functions:shell",
    "start": "npm run shell",
    "deploy": "firebase deploy --only functions",
    "logs": "firebase functions:log"
  },
  "engines": {
    "node": "12"
  },
  "dependencies": {
    "braintree": "^2.21.0",
    "cors": "^2.8.5",
    "crypto": "^1.0.1",
    "express": "^4.17.1",
    "firebase": "^8.3.1",
    "firebase-admin": "^8.13.0",
    "firebase-functions": "^3.11.0",
    "node-fetch": "^2.6.0",
    "paystack": "^2.0.1",
    "request": "^2.88.2",
    "stripe": "^7.63.1",
    "util": "^0.12.1"
  },
  "devDependencies": {
    "eslint": "^5.12.0",
    "eslint-plugin-promise": "^4.0.1",
    "firebase-functions-test": "^0.1.6"
  },
  "private": true
}
[debug] [2021-03-25T22:52:38.042Z] >>> HTTP REQUEST GET https://cloudfunctions.googleapis.com/v1/projects/jamrocktaxi-b40ae/locations/-/functions  
 
