[debug] [2021-03-23T22:41:43.696Z] ----------------------------------------------------------------------
[debug] [2021-03-23T22:41:43.698Z] Command:       /home/ahmadnoor/.nvm/versions/node/v12.20.0/bin/node /home/ahmadnoor/.nvm/versions/node/v12.20.0/bin/firebase deploy --except functions
[debug] [2021-03-23T22:41:43.698Z] CLI Version:   9.6.0
[debug] [2021-03-23T22:41:43.698Z] Platform:      linux
[debug] [2021-03-23T22:41:43.698Z] Node Version:  v12.20.0
[debug] [2021-03-23T22:41:43.699Z] Time:          Wed Mar 24 2021 03:41:43 GMT+0500 (Pakistan Standard Time)
[debug] [2021-03-23T22:41:43.699Z] ----------------------------------------------------------------------
[debug] [2021-03-23T22:41:43.699Z] 
[debug] [2021-03-23T22:41:43.704Z] > command requires scopes: ["email","openid","https://www.googleapis.com/auth/cloudplatformprojects.readonly","https://www.googleapis.com/auth/firebase","https://www.googleapis.com/auth/cloud-platform"]
[debug] [2021-03-23T22:41:43.704Z] > authorizing via signed-in user
[debug] [2021-03-23T22:41:43.705Z] [iam] checking project jamrocktaxi-b40ae for permissions ["firebase.projects.get","firebasedatabase.instances.update","firebasehosting.sites.update","firebaserules.releases.create","firebaserules.releases.update","firebaserules.rulesets.create"]
[debug] [2021-03-23T22:41:43.706Z] >>> HTTP REQUEST POST https://cloudresourcemanager.googleapis.com/v1/projects/jamrocktaxi-b40ae:testIamPermissions  
 {"permissions":["firebase.projects.get","firebasedatabase.instances.update","firebasehosting.sites.update","firebaserules.releases.create","firebaserules.releases.update","firebaserules.rulesets.create"]}
[debug] [2021-03-23T22:41:45.347Z] <<< HTTP RESPONSE 200 {"content-type":"application/json; charset=UTF-8","vary":"X-Origin, Referer, Origin,Accept-Encoding","date":"Tue, 23 Mar 2021 22:41:45 GMT","server":"ESF","cache-control":"private","x-xss-protection":"0","x-frame-options":"SAMEORIGIN","x-content-type-options":"nosniff","server-timing":"gfet4t7; dur=1192","alt-svc":"h3-29=\":443\"; ma=2592000,h3-T051=\":443\"; ma=2592000,h3-Q050=\":443\"; ma=2592000,h3-Q046=\":443\"; ma=2592000,h3-Q043=\":443\"; ma=2592000,quic=\":443\"; ma=2592000; v=\"46,43\"","accept-ranges":"none","transfer-encoding":"chunked"}
[debug] [2021-03-23T22:41:45.354Z] > refreshing access token with scopes: []
[debug] [2021-03-23T22:41:45.355Z] >>> HTTP REQUEST POST https://www.googleapis.com/oauth2/v3/token  
 <request body omitted>
[debug] [2021-03-23T22:41:45.739Z] <<< HTTP RESPONSE 200 {"pragma":"no-cache","expires":"Mon, 01 Jan 1990 00:00:00 GMT","cache-control":"no-cache, no-store, max-age=0, must-revalidate","date":"Tue, 23 Mar 2021 22:41:45 GMT","content-type":"application/json; charset=utf-8","vary":"X-Origin, Referer, Origin,Accept-Encoding","server":"scaffolding on HTTPServer2","x-xss-protection":"0","x-frame-options":"SAMEORIGIN","x-content-type-options":"nosniff","alt-svc":"h3-29=\":443\"; ma=2592000,h3-T051=\":443\"; ma=2592000,h3-Q050=\":443\"; ma=2592000,h3-Q046=\":443\"; ma=2592000,h3-Q043=\":443\"; ma=2592000,quic=\":443\"; ma=2592000; v=\"46,43\"","accept-ranges":"none","transfer-encoding":"chunked"}
[debug] [2021-03-23T22:41:45.748Z] >>> [apiv2][query] GET https://firebase.googleapis.com/v1beta1/projects/jamrocktaxi-b40ae [none]
[debug] [2021-03-23T22:41:46.247Z] <<< [apiv2][status] GET https://firebase.googleapis.com/v1beta1/projects/jamrocktaxi-b40ae 200
[debug] [2021-03-23T22:41:46.247Z] <<< [apiv2][body] GET https://firebase.googleapis.com/v1beta1/projects/jamrocktaxi-b40ae {"projectId":"jamrocktaxi-b40ae","projectNumber":"867999155301","displayName":"JamRockTaxi","name":"projects/jamrocktaxi-b40ae","resources":{"hostingSite":"jamrocktaxi-b40ae","realtimeDatabaseInstance":"jamrocktaxi-b40ae-default-rtdb","storageBucket":"jamrocktaxi-b40ae.appspot.com","locationId":"us-central"},"state":"ACTIVE"}
[debug] [2021-03-23T22:41:46.248Z] >>> [apiv2][query] GET https://firebase.googleapis.com/v1beta1/projects/jamrocktaxi-b40ae [none]
[debug] [2021-03-23T22:42:16.252Z] Timeout reached making request to https://firebase.googleapis.com/v1beta1/projects/jamrocktaxi-b40ae
[debug] [2021-03-23T22:42:16.642Z] FirebaseError: Timeout reached making request to https://firebase.googleapis.com/v1beta1/projects/jamrocktaxi-b40ae
    at Client.doRequest (/home/ahmadnoor/.nvm/versions/node/v12.20.0/lib/node_modules/firebase-tools/lib/apiv2.js:209:23)
    at processTicksAndRejections (internal/process/task_queues.js:97:5)
[error] 
[error] Error: Failed to get Firebase project jamrocktaxi-b40ae. Please make sure the project exists and your account has permission to access it.
